<?xml version="1.0" encoding="UTF-8"?>
<!-- Generated by org.testng.reporters.JUnitReportReporter -->
<testsuite hostname="ELW5116" failures="0" tests="3" name="jeevantesttng.Testexample" time="30.378" errors="0" timestamp="2022-10-04T16:46:22 IST" skipped="0">
  <testcase classname="jeevantesttng.Testexample" name="forgetpass_HRM" time="10.531"/>
  <system-out/>
  <testcase classname="jeevantesttng.Testexample" name="facebook_login" time="3.635"/>
  <system-out/>
  <testcase classname="jeevantesttng.Testexample" name="hrmleave_application" time="16.212"/>
  <system-out/>
</testsuite> <!-- jeevantesttng.Testexample -->
